{"level":"info","message":"Server started on port 3000","timestamp":"2025-11-10T03:31:04.969Z"}
{"level":"info","message":"MongoDB connected","timestamp":"2025-11-10T03:31:05.010Z"}
{"level":"info","message":"User logged in","role":"admin","timestamp":"2025-11-10T03:31:45.833Z","username":"letsrace"}
{"level":"info","message":"POST /login 200 45 - 6.299 ms","timestamp":"2025-11-10T03:31:46.191Z"}
{"level":"info","message":"GET /api/dashboard/2025-02-10 200 2 - 18.380 ms","timestamp":"2025-11-10T03:31:56.027Z"}
{"level":"info","message":"GET /api/dashboard/2025-02-10 304 - - 4.706 ms","timestamp":"2025-11-10T03:31:57.085Z"}
{"level":"info","message":"GET /api/dashboard/2025-02-10 304 - - 3.026 ms","timestamp":"2025-11-10T03:32:00.089Z"}
{"by":"letsrace","car":"THOR","date":"2025-02-10","level":"info","message":"Report generated","timestamp":"2025-11-10T03:32:07.710Z"}
{"level":"info","message":"GET /api/reports/THOR/2025-02-10 200 - - 50.386 ms","timestamp":"2025-11-10T03:32:07.725Z"}
{"level":"info","message":"GET /api/dashboard/2025-02-10 200 2 - 3.117 ms","timestamp":"2025-11-10T03:34:04.352Z"}
{"level":"info","message":"GET /api/dashboard/2025-02-10 304 - - 6.043 ms","timestamp":"2025-11-10T03:34:05.209Z"}
{"level":"info","message":"GET /api/dashboard/2025-02-10 304 - - 3.589 ms","timestamp":"2025-11-10T03:34:05.410Z"}
{"level":"info","message":"GET /api/dashboard/2025-02-10 304 - - 9.687 ms","timestamp":"2025-11-10T03:34:05.637Z"}
{"level":"info","message":"GET /api/dashboard/2025-02-10 304 - - 4.626 ms","timestamp":"2025-11-10T03:36:05.768Z"}
{"level":"info","message":"GET /api/dashboard/2025-02-10 304 - - 3.127 ms","timestamp":"2025-11-10T03:36:06.582Z"}
{"level":"info","message":"GET /api/dashboard/2025-02-10 304 - - 7.338 ms","timestamp":"2025-11-10T03:36:06.818Z"}
{"level":"info","message":"User logged in","role":"admin","timestamp":"2025-11-10T03:38:39.538Z","username":"letsrace"}
{"level":"info","message":"POST /login 200 45 - 1.454 ms","timestamp":"2025-11-10T03:38:39.540Z"}
{"level":"info","message":"GET /login 404 144 - 2.573 ms","timestamp":"2025-11-10T03:51:21.865Z"}
{"level":"info","message":"User logged in","role":"admin","timestamp":"2025-11-10T03:51:53.705Z","username":"letsrace"}
{"level":"info","message":"POST /login 200 45 - 1.550 ms","timestamp":"2025-11-10T03:51:53.707Z"}
{"level":"info","message":"POST /api/selectCar 404 153 - 0.848 ms","timestamp":"2025-11-10T03:52:46.559Z"}
{"level":"info","message":"POST /api/selectCar 404 153 - 0.480 ms","timestamp":"2025-11-10T03:52:47.937Z"}
{"level":"info","message":"POST /api/selectCar 404 153 - 0.461 ms","timestamp":"2025-11-10T03:52:52.177Z"}
{"level":"info","message":"POST /api/selectCar 404 153 - 0.604 ms","timestamp":"2025-11-10T03:52:56.573Z"}
{"level":"info","message":"POST /api/selectCar 404 153 - 0.328 ms","timestamp":"2025-11-10T03:53:05.453Z"}
{"level":"info","message":"POST /api/selectCar 404 153 - 0.263 ms","timestamp":"2025-11-10T03:53:41.402Z"}
{"level":"info","message":"POST /api/selectCar 404 153 - 0.447 ms","timestamp":"2025-11-10T03:53:42.248Z"}
{"level":"info","message":"POST /api/selectCar 404 153 - 0.597 ms","timestamp":"2025-11-10T03:53:53.880Z"}
{"level":"info","message":"GET /select-car 404 149 - 0.514 ms","timestamp":"2025-11-10T03:55:44.513Z"}
{"level":"info","message":"User logged in","role":"admin","timestamp":"2025-11-10T03:56:00.950Z","username":"letsrace"}
{"level":"info","message":"POST /login 200 45 - 3.172 ms","timestamp":"2025-11-10T03:56:00.953Z"}
{"level":"info","message":"POST /api/selectCar 404 153 - 0.440 ms","timestamp":"2025-11-10T03:56:19.749Z"}
{"level":"info","message":"POST /api/selectCar 404 153 - 0.378 ms","timestamp":"2025-11-10T03:56:21.128Z"}
