{"level":"info","message":"Server started on port 3000","timestamp":"2025-11-10T03:57:03.915Z"}
{"level":"info","message":"MongoDB connected","timestamp":"2025-11-10T03:57:03.943Z"}
{"level":"info","message":"User logged in","role":"admin","timestamp":"2025-11-10T03:57:27.516Z","username":"letsrace"}
{"by":"letsrace","car":"HAYA","level":"info","message":"Car access granted","timestamp":"2025-11-10T03:57:34.288Z"}
{"count":0,"date":"2025-02-10","level":"info","message":"Dashboard data fetched","timestamp":"2025-11-10T03:57:40.340Z"}
{"count":0,"date":"2025-02-10","level":"info","message":"Dashboard data fetched","timestamp":"2025-11-10T03:57:41.252Z"}
{"count":0,"date":"2025-02-10","level":"info","message":"Dashboard data fetched","timestamp":"2025-11-10T03:57:41.460Z"}
{"count":0,"date":"2025-02-10","level":"info","message":"Dashboard data fetched","timestamp":"2025-11-10T03:57:46.031Z"}
{"count":0,"date":"2025-02-10","level":"info","message":"Dashboard data fetched","timestamp":"2025-11-10T04:01:27.525Z"}
{"count":0,"date":"2025-02-10","level":"info","message":"Dashboard data fetched","timestamp":"2025-11-10T04:01:28.299Z"}
{"level":"info","message":"User logged in","role":"admin","timestamp":"2025-11-10T04:01:38.958Z","username":"letsrace"}
{"by":"letsrace","car":"HAYA","level":"info","message":"Car access granted","timestamp":"2025-11-10T04:01:44.610Z"}
{"count":0,"date":"2025-02-10","level":"info","message":"Dashboard data fetched","timestamp":"2025-11-10T04:01:49.383Z"}
{"count":0,"date":"2025-02-10","level":"info","message":"Dashboard data fetched","timestamp":"2025-11-10T04:01:50.291Z"}
{"level":"info","message":"Server started on port 3000","timestamp":"2025-11-10T04:02:08.091Z"}
{"level":"info","message":"MongoDB connected","timestamp":"2025-11-10T04:02:08.116Z"}
{"level":"info","message":"User logged in","role":"admin","timestamp":"2025-11-10T04:02:30.760Z","username":"letsrace"}
{"by":"letsrace","car":"THOR","level":"info","message":"Car access granted","timestamp":"2025-11-10T04:02:38.150Z"}
{"count":0,"date":"2025-02-11","level":"info","message":"Dashboard data fetched","timestamp":"2025-11-10T04:02:43.791Z"}
{"level":"info","message":"Server started on port 3000","timestamp":"2025-11-10T04:05:50.349Z"}
{"level":"info","message":"MongoDB connected","timestamp":"2025-11-10T04:05:50.375Z"}
{"level":"info","message":"User logged in","role":"admin","timestamp":"2025-11-10T04:06:17.297Z","username":"letsrace"}
{"by":"letsrace","car":"THOR","level":"info","message":"Car access granted","timestamp":"2025-11-10T04:06:23.806Z"}
{"car":"THOR","date":"2025-02-02","level":"info","message":"Report generated","timestamp":"2025-11-10T04:06:48.058Z"}
{"level":"info","message":"Server started on port 3000","timestamp":"2025-11-10T04:12:46.164Z"}
{"level":"info","message":"MongoDB connected","timestamp":"2025-11-10T04:12:46.188Z"}
{"level":"info","message":"User logged in","role":"admin","timestamp":"2025-11-10T04:13:02.594Z","username":"letsrace"}
{"by":"letsrace","car":"THOR","level":"info","message":"Car access granted","timestamp":"2025-11-10T04:13:08.465Z"}
{"level":"info","message":"User logged in","role":"admin","timestamp":"2025-11-10T04:17:58.963Z","username":"letsrace"}
{"by":"letsrace","car":"HAYA","level":"info","message":"Car access granted","timestamp":"2025-11-10T04:18:06.225Z"}
{"level":"info","message":"Server started on port 3000","timestamp":"2025-11-10T04:21:43.547Z"}
{"level":"info","message":"MongoDB connected","timestamp":"2025-11-10T04:21:43.573Z"}
{"level":"info","message":"User logged in","role":"admin","timestamp":"2025-11-10T04:21:59.066Z","username":"letsrace"}
{"by":"letsrace","car":"THOR","level":"info","message":"Car access granted","timestamp":"2025-11-10T04:22:06.209Z"}
{"car":"THOR","count":23,"date":"2025-02-10","level":"info","message":"Dashboard data fetched","timestamp":"2025-11-10T04:22:09.948Z"}
{"car":"THOR","count":23,"date":"2025-02-10","level":"info","message":"Dashboard data fetched","timestamp":"2025-11-10T04:22:16.474Z"}
{"car":"THOR","count":23,"date":"2025-02-10","level":"info","message":"Dashboard data fetched","timestamp":"2025-11-10T04:22:16.513Z"}
{"car":"THOR","level":"info","message":"Analytics computed","range":"2025-02-02 to 2025-02-09","timestamp":"2025-11-10T04:22:48.344Z"}
{"car":"THOR","date":"2025-02-10","level":"info","message":"Report streamed","timestamp":"2025-11-10T04:22:58.113Z"}
{"level":"info","message":"User logged in","role":"admin","timestamp":"2025-11-10T04:38:59.247Z","username":"letsrace"}
{"by":"letsrace","car":"THOR","level":"info","message":"Car access granted","timestamp":"2025-11-10T04:39:05.004Z"}
{"car":"THOR","count":23,"date":"2025-02-10","level":"info","message":"Dashboard data fetched","timestamp":"2025-11-10T04:39:09.681Z"}
{"level":"info","message":"User logged in","role":"admin","timestamp":"2025-11-10T04:39:52.644Z","username":"letsrace"}
{"by":"letsrace","car":"HAYA","level":"info","message":"Car access granted","timestamp":"2025-11-10T04:39:58.127Z"}
{"car":"HAYA","count":22,"date":"2025-02-10","level":"info","message":"Dashboard data fetched","timestamp":"2025-11-10T04:40:02.635Z"}
{"level":"info","message":"User logged in","role":"admin","timestamp":"2025-11-10T04:41:54.932Z","username":"letsrace"}
{"by":"letsrace","car":"THOR","level":"info","message":"Car access granted","timestamp":"2025-11-10T04:42:00.478Z"}
{"car":"THOR","count":23,"date":"2025-02-10","level":"info","message":"Dashboard data fetched","timestamp":"2025-11-10T04:42:03.773Z"}
{"car":"THOR","count":23,"date":"2025-02-10","level":"info","message":"Dashboard data fetched","timestamp":"2025-11-10T04:42:46.104Z"}
{"car":"THOR","count":23,"date":"2025-02-10","level":"info","message":"Dashboard data fetched","timestamp":"2025-11-10T04:42:47.391Z"}
{"car":"THOR","count":23,"date":"2025-02-10","level":"info","message":"Dashboard data fetched","timestamp":"2025-11-10T04:42:47.408Z"}
{"level":"warn","message":"Failed login attempt","timestamp":"2025-11-10T04:44:43.951Z","username":"letsrace"}
{"level":"warn","message":"Failed login attempt","timestamp":"2025-11-10T04:44:45.132Z","username":"letsrace"}
{"level":"info","message":"User logged in","role":"admin","timestamp":"2025-11-10T04:44:52.703Z","username":"letsrace"}
{"level":"info","message":"User logged in","role":"admin","timestamp":"2025-11-10T04:49:53.381Z","username":"letsrace"}
{"car":"HAYA","level":"warn","message":"Invalid car/PIN","pin":"6107","timestamp":"2025-11-10T04:49:58.567Z"}
{"by":"letsrace","car":"HAYA","level":"info","message":"Car access granted","timestamp":"2025-11-10T04:50:02.118Z"}
{"car":"HAYA","count":22,"date":"2025-02-10","level":"info","message":"Dashboard data fetched","timestamp":"2025-11-10T04:50:07.404Z"}
{"level":"info","message":"User logged in","role":"admin","timestamp":"2025-11-10T04:55:38.803Z","username":"letsrace"}
{"by":"letsrace","car":"THOR","level":"info","message":"Car access granted","timestamp":"2025-11-10T04:55:46.276Z"}
{"car":"THOR","count":23,"date":"2025-02-10","level":"info","message":"Dashboard data fetched","timestamp":"2025-11-10T04:55:54.379Z"}
{"car":"THOR","count":23,"date":"2025-02-10","level":"info","message":"Dashboard data fetched","timestamp":"2025-11-10T04:56:51.422Z"}
{"car":"THOR","count":23,"date":"2025-02-10","level":"info","message":"Dashboard data fetched","timestamp":"2025-11-10T04:56:51.441Z"}
{"car":"THOR","count":23,"date":"2025-02-10","level":"info","message":"Dashboard data fetched","timestamp":"2025-11-10T05:01:46.087Z"}
{"car":"THOR","count":23,"date":"2025-02-10","level":"info","message":"Dashboard data fetched","timestamp":"2025-11-10T05:01:47.396Z"}
{"level":"info","message":"User logged in","role":"admin","timestamp":"2025-11-10T05:02:25.088Z","username":"letsrace"}
{"by":"letsrace","car":"THOR","level":"info","message":"Car access granted","timestamp":"2025-11-10T05:02:32.475Z"}
{"car":"THOR","count":23,"date":"2025-02-10","level":"info","message":"Dashboard data fetched","timestamp":"2025-11-10T05:02:49.585Z"}
{"car":"THOR","count":23,"date":"2025-02-10","level":"info","message":"Dashboard data fetched","timestamp":"2025-11-10T05:02:49.984Z"}
{"car":"THOR","count":23,"date":"2025-02-10","level":"info","message":"Dashboard data fetched","timestamp":"2025-11-10T05:02:50.164Z"}
{"car":"THOR","count":23,"date":"2025-02-10","level":"info","message":"Dashboard data fetched","timestamp":"2025-11-10T05:02:50.353Z"}
{"car":"THOR","count":23,"date":"2025-02-10","level":"info","message":"Dashboard data fetched","timestamp":"2025-11-10T05:02:50.565Z"}
{"car":"THOR","count":23,"date":"2025-02-10","level":"info","message":"Dashboard data fetched","timestamp":"2025-11-10T05:06:25.968Z"}
{"car":"THOR","count":23,"date":"2025-02-10","level":"info","message":"Dashboard data fetched","timestamp":"2025-11-10T05:06:53.768Z"}
{"car":"THOR","count":23,"date":"2025-02-10","level":"info","message":"Dashboard data fetched","timestamp":"2025-11-10T05:06:53.786Z"}
{"car":"THOR","count":23,"date":"2025-02-10","level":"info","message":"Dashboard data fetched","timestamp":"2025-11-10T05:15:00.578Z"}
{"car":"THOR","count":23,"date":"2025-02-10","level":"info","message":"Dashboard data fetched","timestamp":"2025-11-10T05:15:15.755Z"}
{"car":"THOR","count":23,"date":"2025-02-10","level":"info","message":"Dashboard data fetched","timestamp":"2025-11-10T05:16:40.711Z"}
{"car":"HAYA","date":"2025-02-10","level":"info","message":"Report streamed","timestamp":"2025-11-10T05:16:41.871Z"}
{"car":"THOR","count":23,"date":"2025-02-10","level":"info","message":"Dashboard data fetched","timestamp":"2025-11-10T05:18:15.813Z"}
{"car":"HAYA","date":"2025-02-10","level":"info","message":"Report streamed","timestamp":"2025-11-10T05:18:33.659Z"}
